[2025-07-17T06:25:46.203+0000] {manager.py:487} INFO - Processing files using up to 2 processes at a time 
[2025-07-17T06:25:46.203+0000] {manager.py:488} INFO - Process each file at most once every 30 seconds
[2025-07-17T06:25:46.203+0000] {manager.py:490} INFO - Checking for new files in /opt/airflow/dags every 300 seconds
[2025-07-17T06:25:46.203+0000] {manager.py:758} INFO - Searching for files in /opt/airflow/dags
[2025-07-17T06:25:46.205+0000] {manager.py:761} INFO - There are 1 files in /opt/airflow/dags
[2025-07-17T06:25:46.255+0000] {manager.py:889} INFO - 
================================================================================
DAG File Processing Stats

File Path                              PID  Runtime      # DAGs    # Errors  Last Runtime    Last Run
-----------------------------------  -----  ---------  --------  ----------  --------------  ----------
/opt/airflow/dags/quant_backtest.py    202  0.03s             0           0
================================================================================
[2025-07-17T06:26:16.447+0000] {manager.py:889} INFO - 
================================================================================
DAG File Processing Stats

File Path                            PID    Runtime      # DAGs    # Errors  Last Runtime    Last Run
-----------------------------------  -----  ---------  --------  ----------  --------------  -------------------
/opt/airflow/dags/quant_backtest.py                           1           0  0.37s           2025-07-17T06:25:46
================================================================================
[2025-07-17T06:26:46.938+0000] {manager.py:889} INFO - 
================================================================================
DAG File Processing Stats

File Path                            PID    Runtime      # DAGs    # Errors  Last Runtime    Last Run
-----------------------------------  -----  ---------  --------  ----------  --------------  -------------------
/opt/airflow/dags/quant_backtest.py                           1           0  0.45s           2025-07-17T06:26:17
================================================================================
[2025-07-17T06:27:17.541+0000] {manager.py:889} INFO - 
================================================================================
DAG File Processing Stats

File Path                            PID    Runtime      # DAGs    # Errors  Last Runtime    Last Run
-----------------------------------  -----  ---------  --------  ----------  --------------  -------------------
/opt/airflow/dags/quant_backtest.py                           1           0  0.35s           2025-07-17T06:26:47
================================================================================
[2025-07-17T06:27:48.021+0000] {manager.py:889} INFO - 
================================================================================
DAG File Processing Stats

File Path                            PID    Runtime      # DAGs    # Errors  Last Runtime    Last Run
-----------------------------------  -----  ---------  --------  ----------  --------------  -------------------
/opt/airflow/dags/quant_backtest.py                           1           0  0.29s           2025-07-17T06:27:18
================================================================================
[2025-07-17T06:28:18.463+0000] {manager.py:889} INFO - 
================================================================================
DAG File Processing Stats

File Path                            PID    Runtime      # DAGs    # Errors  Last Runtime    Last Run
-----------------------------------  -----  ---------  --------  ----------  --------------  -------------------
/opt/airflow/dags/quant_backtest.py                           1           0  0.36s           2025-07-17T06:27:48
================================================================================
[2025-07-17T06:28:49.023+0000] {manager.py:889} INFO - 
================================================================================
DAG File Processing Stats

File Path                            PID    Runtime      # DAGs    # Errors  Last Runtime    Last Run
-----------------------------------  -----  ---------  --------  ----------  --------------  -------------------
/opt/airflow/dags/quant_backtest.py                           1           0  0.36s           2025-07-17T06:28:19
================================================================================
[2025-07-17T06:29:19.595+0000] {manager.py:889} INFO - 
================================================================================
DAG File Processing Stats

File Path                            PID    Runtime      # DAGs    # Errors  Last Runtime    Last Run
-----------------------------------  -----  ---------  --------  ----------  --------------  -------------------
/opt/airflow/dags/quant_backtest.py                           1           0  0.35s           2025-07-17T06:28:49
================================================================================
[2025-07-17T06:29:50.129+0000] {manager.py:889} INFO - 
================================================================================
DAG File Processing Stats

File Path                            PID    Runtime      # DAGs    # Errors  Last Runtime    Last Run
-----------------------------------  -----  ---------  --------  ----------  --------------  -------------------
/opt/airflow/dags/quant_backtest.py                           1           0  0.34s           2025-07-17T06:29:20
================================================================================
[2025-07-17T06:30:20.687+0000] {manager.py:889} INFO - 
================================================================================
DAG File Processing Stats

File Path                            PID    Runtime      # DAGs    # Errors  Last Runtime    Last Run
-----------------------------------  -----  ---------  --------  ----------  --------------  -------------------
/opt/airflow/dags/quant_backtest.py                           1           0  0.34s           2025-07-17T06:29:50
================================================================================
[2025-07-17T06:30:46.459+0000] {manager.py:758} INFO - Searching for files in /opt/airflow/dags
[2025-07-17T06:30:46.463+0000] {manager.py:761} INFO - There are 1 files in /opt/airflow/dags
[2025-07-17T06:30:51.187+0000] {manager.py:889} INFO - 
================================================================================
DAG File Processing Stats

File Path                            PID    Runtime      # DAGs    # Errors  Last Runtime    Last Run
-----------------------------------  -----  ---------  --------  ----------  --------------  -------------------
/opt/airflow/dags/quant_backtest.py                           1           0  0.31s           2025-07-17T06:30:21
================================================================================
[2025-07-17T06:31:21.693+0000] {manager.py:889} INFO - 
================================================================================
DAG File Processing Stats

File Path                            PID    Runtime      # DAGs    # Errors  Last Runtime    Last Run
-----------------------------------  -----  ---------  --------  ----------  --------------  -------------------
/opt/airflow/dags/quant_backtest.py                           1           0  0.32s           2025-07-17T06:30:51
================================================================================
[2025-07-17T06:31:46.914+0000] {manager.py:470} INFO - Exiting gracefully upon receiving signal 15
[2025-07-17T06:32:37.819+0000] {manager.py:487} INFO - Processing files using up to 2 processes at a time 
[2025-07-17T06:32:37.819+0000] {manager.py:488} INFO - Process each file at most once every 30 seconds
[2025-07-17T06:32:37.819+0000] {manager.py:490} INFO - Checking for new files in /opt/airflow/dags every 300 seconds
[2025-07-17T06:32:37.820+0000] {manager.py:758} INFO - Searching for files in /opt/airflow/dags
[2025-07-17T06:32:37.821+0000] {manager.py:761} INFO - There are 1 files in /opt/airflow/dags
[2025-07-17T06:32:37.887+0000] {manager.py:889} INFO - 
================================================================================
DAG File Processing Stats

File Path                              PID  Runtime      # DAGs    # Errors  Last Runtime    Last Run
-----------------------------------  -----  ---------  --------  ----------  --------------  ----------
/opt/airflow/dags/quant_backtest.py    201  0.04s             0           0
================================================================================
[2025-07-17T06:33:08.054+0000] {manager.py:889} INFO - 
================================================================================
DAG File Processing Stats

File Path                            PID    Runtime      # DAGs    # Errors  Last Runtime    Last Run
-----------------------------------  -----  ---------  --------  ----------  --------------  -------------------
/opt/airflow/dags/quant_backtest.py                           1           0  0.39s           2025-07-17T06:32:38
================================================================================
[2025-07-17T06:33:38.563+0000] {manager.py:889} INFO - 
================================================================================
DAG File Processing Stats

File Path                            PID    Runtime      # DAGs    # Errors  Last Runtime    Last Run
-----------------------------------  -----  ---------  --------  ----------  --------------  -------------------
/opt/airflow/dags/quant_backtest.py                           1           0  0.46s           2025-07-17T06:33:08
================================================================================
[2025-07-17T06:34:09.173+0000] {manager.py:889} INFO - 
================================================================================
DAG File Processing Stats

File Path                            PID    Runtime      # DAGs    # Errors  Last Runtime    Last Run
-----------------------------------  -----  ---------  --------  ----------  --------------  -------------------
/opt/airflow/dags/quant_backtest.py                           1           0  0.36s           2025-07-17T06:33:39
================================================================================
[2025-07-17T06:34:39.688+0000] {manager.py:889} INFO - 
================================================================================
DAG File Processing Stats

File Path                            PID    Runtime      # DAGs    # Errors  Last Runtime    Last Run
-----------------------------------  -----  ---------  --------  ----------  --------------  -------------------
/opt/airflow/dags/quant_backtest.py                           1           0  0.33s           2025-07-17T06:34:09
================================================================================
[2025-07-17T06:35:10.197+0000] {manager.py:889} INFO - 
================================================================================
DAG File Processing Stats

File Path                            PID    Runtime      # DAGs    # Errors  Last Runtime    Last Run
-----------------------------------  -----  ---------  --------  ----------  --------------  -------------------
/opt/airflow/dags/quant_backtest.py                           1           0  0.34s           2025-07-17T06:34:40
================================================================================
[2025-07-17T06:35:40.715+0000] {manager.py:889} INFO - 
================================================================================
DAG File Processing Stats

File Path                            PID    Runtime      # DAGs    # Errors  Last Runtime    Last Run
-----------------------------------  -----  ---------  --------  ----------  --------------  -------------------
/opt/airflow/dags/quant_backtest.py                           1           0  0.33s           2025-07-17T06:35:10
================================================================================
[2025-07-17T06:36:11.225+0000] {manager.py:889} INFO - 
================================================================================
DAG File Processing Stats

File Path                            PID    Runtime      # DAGs    # Errors  Last Runtime    Last Run
-----------------------------------  -----  ---------  --------  ----------  --------------  -------------------
/opt/airflow/dags/quant_backtest.py                           1           0  0.39s           2025-07-17T06:35:41
================================================================================
[2025-07-17T06:36:41.792+0000] {manager.py:889} INFO - 
================================================================================
DAG File Processing Stats

File Path                            PID    Runtime      # DAGs    # Errors  Last Runtime    Last Run
-----------------------------------  -----  ---------  --------  ----------  --------------  -------------------
/opt/airflow/dags/quant_backtest.py                           1           0  0.33s           2025-07-17T06:36:11
================================================================================
[2025-07-17T06:37:12.252+0000] {manager.py:889} INFO - 
================================================================================
DAG File Processing Stats

File Path                            PID    Runtime      # DAGs    # Errors  Last Runtime    Last Run
-----------------------------------  -----  ---------  --------  ----------  --------------  -------------------
/opt/airflow/dags/quant_backtest.py                           1           0  0.31s           2025-07-17T06:36:42
================================================================================
[2025-07-17T06:37:38.083+0000] {manager.py:758} INFO - Searching for files in /opt/airflow/dags
[2025-07-17T06:37:38.086+0000] {manager.py:761} INFO - There are 1 files in /opt/airflow/dags
[2025-07-17T06:37:42.817+0000] {manager.py:889} INFO - 
================================================================================
DAG File Processing Stats

File Path                            PID    Runtime      # DAGs    # Errors  Last Runtime    Last Run
-----------------------------------  -----  ---------  --------  ----------  --------------  -------------------
/opt/airflow/dags/quant_backtest.py                           1           0  0.34s           2025-07-17T06:37:12
================================================================================
[2025-07-17T06:38:13.327+0000] {manager.py:889} INFO - 
================================================================================
DAG File Processing Stats

File Path                            PID    Runtime      # DAGs    # Errors  Last Runtime    Last Run
-----------------------------------  -----  ---------  --------  ----------  --------------  -------------------
/opt/airflow/dags/quant_backtest.py                           1           0  0.32s           2025-07-17T06:37:43
================================================================================
[2025-07-17T06:38:43.863+0000] {manager.py:889} INFO - 
================================================================================
DAG File Processing Stats

File Path                            PID    Runtime      # DAGs    # Errors  Last Runtime    Last Run
-----------------------------------  -----  ---------  --------  ----------  --------------  -------------------
/opt/airflow/dags/quant_backtest.py                           1           0  0.32s           2025-07-17T06:38:13
================================================================================
[2025-07-17T06:39:14.438+0000] {manager.py:889} INFO - 
================================================================================
DAG File Processing Stats

File Path                            PID    Runtime      # DAGs    # Errors  Last Runtime    Last Run
-----------------------------------  -----  ---------  --------  ----------  --------------  -------------------
/opt/airflow/dags/quant_backtest.py                           1           0  0.34s           2025-07-17T06:38:44
================================================================================
[2025-07-17T06:39:44.950+0000] {manager.py:889} INFO - 
================================================================================
DAG File Processing Stats

File Path                            PID    Runtime      # DAGs    # Errors  Last Runtime    Last Run
-----------------------------------  -----  ---------  --------  ----------  --------------  -------------------
/opt/airflow/dags/quant_backtest.py                           1           0  0.36s           2025-07-17T06:39:15
================================================================================
[2025-07-17T06:40:15.513+0000] {manager.py:889} INFO - 
================================================================================
DAG File Processing Stats

File Path                            PID    Runtime      # DAGs    # Errors  Last Runtime    Last Run
-----------------------------------  -----  ---------  --------  ----------  --------------  -------------------
/opt/airflow/dags/quant_backtest.py                           1           0  0.31s           2025-07-17T06:39:45
================================================================================
[2025-07-17T06:40:46.038+0000] {manager.py:889} INFO - 
================================================================================
DAG File Processing Stats

File Path                            PID    Runtime      # DAGs    # Errors  Last Runtime    Last Run
-----------------------------------  -----  ---------  --------  ----------  --------------  -------------------
/opt/airflow/dags/quant_backtest.py                           1           0  0.30s           2025-07-17T06:40:16
================================================================================
[2025-07-17T06:41:16.530+0000] {manager.py:889} INFO - 
================================================================================
DAG File Processing Stats

File Path                            PID    Runtime      # DAGs    # Errors  Last Runtime    Last Run
-----------------------------------  -----  ---------  --------  ----------  --------------  -------------------
/opt/airflow/dags/quant_backtest.py                           1           0  0.31s           2025-07-17T06:40:46
================================================================================
[2025-07-17T06:41:47.080+0000] {manager.py:889} INFO - 
================================================================================
DAG File Processing Stats

File Path                            PID    Runtime      # DAGs    # Errors  Last Runtime    Last Run
-----------------------------------  -----  ---------  --------  ----------  --------------  -------------------
/opt/airflow/dags/quant_backtest.py                           1           0  0.32s           2025-07-17T06:41:17
================================================================================
[2025-07-17T06:42:17.478+0000] {manager.py:889} INFO - 
================================================================================
DAG File Processing Stats

File Path                            PID    Runtime      # DAGs    # Errors  Last Runtime    Last Run
-----------------------------------  -----  ---------  --------  ----------  --------------  -------------------
/opt/airflow/dags/quant_backtest.py                           1           0  0.22s           2025-07-17T06:41:47
================================================================================
[2025-07-17T06:42:38.876+0000] {manager.py:758} INFO - Searching for files in /opt/airflow/dags
[2025-07-17T06:42:38.879+0000] {manager.py:761} INFO - There are 1 files in /opt/airflow/dags
[2025-07-17T06:42:48.016+0000] {manager.py:889} INFO - 
================================================================================
DAG File Processing Stats

File Path                              PID  Runtime      # DAGs    # Errors  Last Runtime    Last Run
-----------------------------------  -----  ---------  --------  ----------  --------------  -------------------
/opt/airflow/dags/quant_backtest.py    702  0.00s             1           0  0.24s           2025-07-17T06:42:17
================================================================================
[2025-07-17T06:43:18.378+0000] {manager.py:889} INFO - 
================================================================================
DAG File Processing Stats

File Path                              PID  Runtime      # DAGs    # Errors  Last Runtime    Last Run
-----------------------------------  -----  ---------  --------  ----------  --------------  -------------------
/opt/airflow/dags/quant_backtest.py    715  0.00s             1           0  0.32s           2025-07-17T06:42:48
================================================================================
[2025-07-17T06:43:48.754+0000] {manager.py:889} INFO - 
================================================================================
DAG File Processing Stats

File Path                              PID  Runtime      # DAGs    # Errors  Last Runtime    Last Run
-----------------------------------  -----  ---------  --------  ----------  --------------  -------------------
/opt/airflow/dags/quant_backtest.py    728  0.00s             1           0  0.28s           2025-07-17T06:43:18
================================================================================
[2025-07-17T06:44:09.498+0000] {manager.py:470} INFO - Exiting gracefully upon receiving signal 15
[2025-07-17T06:44:53.630+0000] {manager.py:487} INFO - Processing files using up to 2 processes at a time 
[2025-07-17T06:44:53.631+0000] {manager.py:488} INFO - Process each file at most once every 30 seconds
[2025-07-17T06:44:53.631+0000] {manager.py:490} INFO - Checking for new files in /opt/airflow/dags every 300 seconds
[2025-07-17T06:44:53.633+0000] {manager.py:758} INFO - Searching for files in /opt/airflow/dags
[2025-07-17T06:44:53.647+0000] {manager.py:761} INFO - There are 1 files in /opt/airflow/dags
[2025-07-17T06:44:53.699+0000] {manager.py:889} INFO - 
================================================================================
DAG File Processing Stats

File Path                              PID  Runtime      # DAGs    # Errors  Last Runtime    Last Run
-----------------------------------  -----  ---------  --------  ----------  --------------  ----------
/opt/airflow/dags/quant_backtest.py    202  0.03s             0           0
================================================================================
[2025-07-17T06:45:23.905+0000] {manager.py:889} INFO - 
================================================================================
DAG File Processing Stats

File Path                            PID    Runtime      # DAGs    # Errors  Last Runtime    Last Run
-----------------------------------  -----  ---------  --------  ----------  --------------  -------------------
/opt/airflow/dags/quant_backtest.py                           1           0  0.38s           2025-07-17T06:44:54
================================================================================
[2025-07-17T06:45:54.451+0000] {manager.py:889} INFO - 
================================================================================
DAG File Processing Stats

File Path                            PID    Runtime      # DAGs    # Errors  Last Runtime    Last Run
-----------------------------------  -----  ---------  --------  ----------  --------------  -------------------
/opt/airflow/dags/quant_backtest.py                           1           0  0.38s           2025-07-17T06:45:24
================================================================================
[2025-07-17T06:46:24.516+0000] {manager.py:889} INFO - 
================================================================================
DAG File Processing Stats

File Path                            PID    Runtime      # DAGs    # Errors  Last Runtime    Last Run
-----------------------------------  -----  ---------  --------  ----------  --------------  -------------------
/opt/airflow/dags/quant_backtest.py                           1           0  0.40s           2025-07-17T06:45:55
================================================================================
[2025-07-17T06:46:54.770+0000] {manager.py:889} INFO - 
================================================================================
DAG File Processing Stats

File Path                            PID    Runtime      # DAGs    # Errors  Last Runtime    Last Run
-----------------------------------  -----  ---------  --------  ----------  --------------  -------------------
/opt/airflow/dags/quant_backtest.py                           1           0  0.36s           2025-07-17T06:46:25
================================================================================
[2025-07-17T06:47:24.794+0000] {manager.py:889} INFO - 
================================================================================
DAG File Processing Stats

File Path                            PID    Runtime      # DAGs    # Errors  Last Runtime    Last Run
-----------------------------------  -----  ---------  --------  ----------  --------------  -------------------
/opt/airflow/dags/quant_backtest.py                           1           0  0.31s           2025-07-17T06:46:56
================================================================================
[2025-07-17T06:47:54.829+0000] {manager.py:889} INFO - 
================================================================================
DAG File Processing Stats

File Path                            PID    Runtime      # DAGs    # Errors  Last Runtime    Last Run
-----------------------------------  -----  ---------  --------  ----------  --------------  -------------------
/opt/airflow/dags/quant_backtest.py                           1           0  0.31s           2025-07-17T06:47:26
================================================================================
[2025-07-17T06:48:25.462+0000] {manager.py:889} INFO - 
================================================================================
DAG File Processing Stats

File Path                            PID    Runtime      # DAGs    # Errors  Last Runtime    Last Run
-----------------------------------  -----  ---------  --------  ----------  --------------  -------------------
/opt/airflow/dags/quant_backtest.py                           1           0  0.33s           2025-07-17T06:47:57
================================================================================
[2025-07-17T06:48:56.042+0000] {manager.py:889} INFO - 
================================================================================
DAG File Processing Stats

File Path                            PID    Runtime      # DAGs    # Errors  Last Runtime    Last Run
-----------------------------------  -----  ---------  --------  ----------  --------------  -------------------
/opt/airflow/dags/quant_backtest.py                           1           0  0.38s           2025-07-17T06:48:55
================================================================================
[2025-07-17T06:49:26.473+0000] {manager.py:889} INFO - 
================================================================================
DAG File Processing Stats

File Path                            PID    Runtime      # DAGs    # Errors  Last Runtime    Last Run
-----------------------------------  -----  ---------  --------  ----------  --------------  -------------------
/opt/airflow/dags/quant_backtest.py                           1           0  0.30s           2025-07-17T06:49:20
================================================================================
[2025-07-17T06:49:54.070+0000] {manager.py:758} INFO - Searching for files in /opt/airflow/dags
[2025-07-17T06:49:54.077+0000] {manager.py:761} INFO - There are 1 files in /opt/airflow/dags
[2025-07-17T06:49:57.129+0000] {manager.py:889} INFO - 
================================================================================
DAG File Processing Stats

File Path                            PID    Runtime      # DAGs    # Errors  Last Runtime    Last Run
-----------------------------------  -----  ---------  --------  ----------  --------------  -------------------
/opt/airflow/dags/quant_backtest.py                           1           0  0.33s           2025-07-17T06:49:51
================================================================================
[2025-07-17T06:50:27.759+0000] {manager.py:889} INFO - 
================================================================================
DAG File Processing Stats

File Path                            PID    Runtime      # DAGs    # Errors  Last Runtime    Last Run
-----------------------------------  -----  ---------  --------  ----------  --------------  -------------------
/opt/airflow/dags/quant_backtest.py                           1           0  0.29s           2025-07-17T06:50:21
================================================================================
[2025-07-17T06:50:58.091+0000] {manager.py:889} INFO - 
================================================================================
DAG File Processing Stats

File Path                            PID    Runtime      # DAGs    # Errors  Last Runtime    Last Run
-----------------------------------  -----  ---------  --------  ----------  --------------  -------------------
/opt/airflow/dags/quant_backtest.py                           1           0  0.37s           2025-07-17T06:50:52
================================================================================
[2025-07-17T06:51:28.665+0000] {manager.py:889} INFO - 
================================================================================
DAG File Processing Stats

File Path                            PID    Runtime      # DAGs    # Errors  Last Runtime    Last Run
-----------------------------------  -----  ---------  --------  ----------  --------------  -------------------
/opt/airflow/dags/quant_backtest.py                           1           0  0.38s           2025-07-17T06:51:23
================================================================================
[2025-07-17T06:51:59.547+0000] {manager.py:889} INFO - 
================================================================================
DAG File Processing Stats

File Path                            PID    Runtime      # DAGs    # Errors  Last Runtime    Last Run
-----------------------------------  -----  ---------  --------  ----------  --------------  -------------------
/opt/airflow/dags/quant_backtest.py                           0           1  0.33s           2025-07-17T06:51:55
================================================================================
[2025-07-17T06:52:30.095+0000] {manager.py:889} INFO - 
================================================================================
DAG File Processing Stats

File Path                            PID    Runtime      # DAGs    # Errors  Last Runtime    Last Run
-----------------------------------  -----  ---------  --------  ----------  --------------  -------------------
/opt/airflow/dags/quant_backtest.py                           1           0  0.32s           2025-07-17T06:52:26
================================================================================
[2025-07-17T06:53:00.635+0000] {manager.py:889} INFO - 
================================================================================
DAG File Processing Stats

File Path                            PID    Runtime      # DAGs    # Errors  Last Runtime    Last Run
-----------------------------------  -----  ---------  --------  ----------  --------------  -------------------
/opt/airflow/dags/quant_backtest.py                           1           0  0.29s           2025-07-17T06:52:56
================================================================================
[2025-07-17T06:53:31.198+0000] {manager.py:889} INFO - 
================================================================================
DAG File Processing Stats

File Path                            PID    Runtime      # DAGs    # Errors  Last Runtime    Last Run
-----------------------------------  -----  ---------  --------  ----------  --------------  -------------------
/opt/airflow/dags/quant_backtest.py                           1           0  0.33s           2025-07-17T06:53:27
================================================================================
[2025-07-17T06:53:39.695+0000] {manager.py:470} INFO - Exiting gracefully upon receiving signal 15
[2025-07-17T06:54:07.772+0000] {manager.py:487} INFO - Processing files using up to 2 processes at a time 
[2025-07-17T06:54:07.772+0000] {manager.py:488} INFO - Process each file at most once every 30 seconds
[2025-07-17T06:54:07.773+0000] {manager.py:490} INFO - Checking for new files in /opt/airflow/dags every 300 seconds
[2025-07-17T06:54:07.773+0000] {manager.py:758} INFO - Searching for files in /opt/airflow/dags
[2025-07-17T06:54:07.775+0000] {manager.py:761} INFO - There are 1 files in /opt/airflow/dags
[2025-07-17T06:54:07.826+0000] {manager.py:889} INFO - 
================================================================================
DAG File Processing Stats

File Path                              PID  Runtime      # DAGs    # Errors  Last Runtime    Last Run
-----------------------------------  -----  ---------  --------  ----------  --------------  ----------
/opt/airflow/dags/quant_backtest.py    201  0.02s             0           0
================================================================================
[2025-07-17T06:54:38.003+0000] {manager.py:889} INFO - 
================================================================================
DAG File Processing Stats

File Path                            PID    Runtime      # DAGs    # Errors  Last Runtime    Last Run
-----------------------------------  -----  ---------  --------  ----------  --------------  -------------------
/opt/airflow/dags/quant_backtest.py                           1           0  0.37s           2025-07-17T06:54:08
================================================================================
[2025-07-17T06:55:08.047+0000] {manager.py:889} INFO - 
================================================================================
DAG File Processing Stats

File Path                            PID    Runtime      # DAGs    # Errors  Last Runtime    Last Run
-----------------------------------  -----  ---------  --------  ----------  --------------  -------------------
/opt/airflow/dags/quant_backtest.py                           1           0  0.44s           2025-07-17T06:54:38
================================================================================
[2025-07-17T06:55:38.410+0000] {manager.py:889} INFO - 
================================================================================
DAG File Processing Stats

File Path                            PID    Runtime      # DAGs    # Errors  Last Runtime    Last Run
-----------------------------------  -----  ---------  --------  ----------  --------------  -------------------
/opt/airflow/dags/quant_backtest.py                           1           0  0.33s           2025-07-17T06:55:09
================================================================================
[2025-07-17T06:56:08.854+0000] {manager.py:889} INFO - 
================================================================================
DAG File Processing Stats

File Path                            PID    Runtime      # DAGs    # Errors  Last Runtime    Last Run
-----------------------------------  -----  ---------  --------  ----------  --------------  -------------------
/opt/airflow/dags/quant_backtest.py                           1           0  0.29s           2025-07-17T06:55:39
================================================================================
[2025-07-17T06:56:39.185+0000] {manager.py:889} INFO - 
================================================================================
DAG File Processing Stats

File Path                            PID    Runtime      # DAGs    # Errors  Last Runtime    Last Run
-----------------------------------  -----  ---------  --------  ----------  --------------  -------------------
/opt/airflow/dags/quant_backtest.py                           1           0  0.30s           2025-07-17T06:56:10
================================================================================
[2025-07-17T06:57:09.635+0000] {manager.py:889} INFO - 
================================================================================
DAG File Processing Stats

File Path                            PID    Runtime      # DAGs    # Errors  Last Runtime    Last Run
-----------------------------------  -----  ---------  --------  ----------  --------------  -------------------
/opt/airflow/dags/quant_backtest.py                           1           0  0.31s           2025-07-17T06:56:40
================================================================================
[2025-07-17T06:57:40.142+0000] {manager.py:889} INFO - 
================================================================================
DAG File Processing Stats

File Path                            PID    Runtime      # DAGs    # Errors  Last Runtime    Last Run
-----------------------------------  -----  ---------  --------  ----------  --------------  -------------------
/opt/airflow/dags/quant_backtest.py                           1           0  0.29s           2025-07-17T06:57:10
================================================================================
[2025-07-17T06:58:04.346+0000] {manager.py:470} INFO - Exiting gracefully upon receiving signal 15
[2025-07-17T07:02:03.481+0000] {manager.py:487} INFO - Processing files using up to 2 processes at a time 
[2025-07-17T07:02:03.483+0000] {manager.py:488} INFO - Process each file at most once every 30 seconds
[2025-07-17T07:02:03.486+0000] {manager.py:490} INFO - Checking for new files in /opt/airflow/dags every 300 seconds
[2025-07-17T07:02:03.486+0000] {manager.py:758} INFO - Searching for files in /opt/airflow/dags
[2025-07-17T07:02:03.491+0000] {manager.py:761} INFO - There are 1 files in /opt/airflow/dags
[2025-07-17T07:02:03.558+0000] {manager.py:889} INFO - 
================================================================================
DAG File Processing Stats

File Path                              PID  Runtime      # DAGs    # Errors  Last Runtime    Last Run
-----------------------------------  -----  ---------  --------  ----------  --------------  ----------
/opt/airflow/dags/quant_backtest.py    202  0.03s             0           0
================================================================================
[2025-07-17T07:02:33.717+0000] {manager.py:889} INFO - 
================================================================================
DAG File Processing Stats

File Path                            PID    Runtime      # DAGs    # Errors  Last Runtime    Last Run
-----------------------------------  -----  ---------  --------  ----------  --------------  -------------------
/opt/airflow/dags/quant_backtest.py                           1           0  0.56s           2025-07-17T07:02:04
================================================================================
[2025-07-17T07:03:03.912+0000] {manager.py:889} INFO - 
================================================================================
DAG File Processing Stats

File Path                            PID    Runtime      # DAGs    # Errors  Last Runtime    Last Run
-----------------------------------  -----  ---------  --------  ----------  --------------  -------------------
/opt/airflow/dags/quant_backtest.py                           1           0  0.45s           2025-07-17T07:02:34
================================================================================
[2025-07-17T07:03:34.256+0000] {manager.py:889} INFO - 
================================================================================
DAG File Processing Stats

File Path                            PID    Runtime      # DAGs    # Errors  Last Runtime    Last Run
-----------------------------------  -----  ---------  --------  ----------  --------------  -------------------
/opt/airflow/dags/quant_backtest.py                           1           0  0.32s           2025-07-17T07:03:05
================================================================================
[2025-07-17T07:04:04.877+0000] {manager.py:889} INFO - 
================================================================================
DAG File Processing Stats

File Path                            PID    Runtime      # DAGs    # Errors  Last Runtime    Last Run
-----------------------------------  -----  ---------  --------  ----------  --------------  -------------------
/opt/airflow/dags/quant_backtest.py                           1           0  0.37s           2025-07-17T07:03:35
================================================================================
[2025-07-17T07:04:35.229+0000] {manager.py:889} INFO - 
================================================================================
DAG File Processing Stats

File Path                            PID    Runtime      # DAGs    # Errors  Last Runtime    Last Run
-----------------------------------  -----  ---------  --------  ----------  --------------  -------------------
/opt/airflow/dags/quant_backtest.py                           1           0  0.31s           2025-07-17T07:04:06
================================================================================
[2025-07-17T07:05:00.223+0000] {manager.py:470} INFO - Exiting gracefully upon receiving signal 15
[2025-07-17T07:06:39.163+0000] {manager.py:487} INFO - Processing files using up to 2 processes at a time 
[2025-07-17T07:06:39.166+0000] {manager.py:488} INFO - Process each file at most once every 30 seconds
[2025-07-17T07:06:39.168+0000] {manager.py:490} INFO - Checking for new files in /opt/airflow/dags every 300 seconds
[2025-07-17T07:06:39.169+0000] {manager.py:758} INFO - Searching for files in /opt/airflow/dags
[2025-07-17T07:06:39.171+0000] {manager.py:761} INFO - There are 1 files in /opt/airflow/dags
[2025-07-17T07:06:39.235+0000] {manager.py:889} INFO - 
================================================================================
DAG File Processing Stats

File Path                              PID  Runtime      # DAGs    # Errors  Last Runtime    Last Run
-----------------------------------  -----  ---------  --------  ----------  --------------  ----------
/opt/airflow/dags/quant_backtest.py    202  0.03s             0           0
================================================================================
[2025-07-17T07:07:09.398+0000] {manager.py:889} INFO - 
================================================================================
DAG File Processing Stats

File Path                            PID    Runtime      # DAGs    # Errors  Last Runtime    Last Run
-----------------------------------  -----  ---------  --------  ----------  --------------  -------------------
/opt/airflow/dags/quant_backtest.py                           1           0  0.36s           2025-07-17T07:06:39
================================================================================
[2025-07-17T07:07:39.475+0000] {manager.py:889} INFO - 
================================================================================
DAG File Processing Stats

File Path                            PID    Runtime      # DAGs    # Errors  Last Runtime    Last Run
-----------------------------------  -----  ---------  --------  ----------  --------------  -------------------
/opt/airflow/dags/quant_backtest.py                           1           0  0.37s           2025-07-17T07:07:10
================================================================================
[2025-07-17T07:08:34.846+0000] {manager.py:889} INFO - 
================================================================================
DAG File Processing Stats

File Path                            PID    Runtime      # DAGs    # Errors  Last Runtime    Last Run
-----------------------------------  -----  ---------  --------  ----------  --------------  -------------------
/opt/airflow/dags/quant_backtest.py                           1           0  0.36s           2025-07-17T07:08:22
================================================================================
[2025-07-17T07:12:51.703+0000] {manager.py:758} INFO - Searching for files in /opt/airflow/dags
[2025-07-17T07:12:51.709+0000] {manager.py:761} INFO - There are 1 files in /opt/airflow/dags
[2025-07-17T07:13:03.725+0000] {manager.py:889} INFO - 
================================================================================
DAG File Processing Stats

File Path                            PID    Runtime      # DAGs    # Errors  Last Runtime    Last Run
-----------------------------------  -----  ---------  --------  ----------  --------------  -------------------
/opt/airflow/dags/quant_backtest.py                           1           0  0.88s           2025-07-17T07:12:52
================================================================================
[2025-07-17T07:13:34.160+0000] {manager.py:889} INFO - 
================================================================================
DAG File Processing Stats

File Path                            PID    Runtime      # DAGs    # Errors  Last Runtime    Last Run
-----------------------------------  -----  ---------  --------  ----------  --------------  -------------------
/opt/airflow/dags/quant_backtest.py                           1           0  0.52s           2025-07-17T07:13:23
================================================================================
[2025-07-17T07:14:04.372+0000] {manager.py:889} INFO - 
================================================================================
DAG File Processing Stats

File Path                            PID    Runtime      # DAGs    # Errors  Last Runtime    Last Run
-----------------------------------  -----  ---------  --------  ----------  --------------  -------------------
/opt/airflow/dags/quant_backtest.py                           1           0  0.43s           2025-07-17T07:13:54
================================================================================
[2025-07-17T07:14:34.694+0000] {manager.py:889} INFO - 
================================================================================
DAG File Processing Stats

File Path                            PID    Runtime      # DAGs    # Errors  Last Runtime    Last Run
-----------------------------------  -----  ---------  --------  ----------  --------------  -------------------
/opt/airflow/dags/quant_backtest.py                           1           0  0.31s           2025-07-17T07:14:24
================================================================================
[2025-07-17T07:15:05.232+0000] {manager.py:889} INFO - 
================================================================================
DAG File Processing Stats

File Path                            PID    Runtime      # DAGs    # Errors  Last Runtime    Last Run
-----------------------------------  -----  ---------  --------  ----------  --------------  -------------------
/opt/airflow/dags/quant_backtest.py                           1           0  0.34s           2025-07-17T07:14:55
================================================================================
[2025-07-17T07:15:35.631+0000] {manager.py:889} INFO - 
================================================================================
DAG File Processing Stats

File Path                            PID    Runtime      # DAGs    # Errors  Last Runtime    Last Run
-----------------------------------  -----  ---------  --------  ----------  --------------  -------------------
/opt/airflow/dags/quant_backtest.py                           1           0  0.29s           2025-07-17T07:15:25
================================================================================
[2025-07-17T07:16:06.088+0000] {manager.py:889} INFO - 
================================================================================
DAG File Processing Stats

File Path                            PID    Runtime      # DAGs    # Errors  Last Runtime    Last Run
-----------------------------------  -----  ---------  --------  ----------  --------------  -------------------
/opt/airflow/dags/quant_backtest.py                           1           0  0.29s           2025-07-17T07:15:56
================================================================================
[2025-07-17T07:16:36.463+0000] {manager.py:889} INFO - 
================================================================================
DAG File Processing Stats

File Path                            PID    Runtime      # DAGs    # Errors  Last Runtime    Last Run
-----------------------------------  -----  ---------  --------  ----------  --------------  -------------------
/opt/airflow/dags/quant_backtest.py                           1           0  0.36s           2025-07-17T07:16:26
================================================================================
[2025-07-17T07:17:07.061+0000] {manager.py:889} INFO - 
================================================================================
DAG File Processing Stats

File Path                            PID    Runtime      # DAGs    # Errors  Last Runtime    Last Run
-----------------------------------  -----  ---------  --------  ----------  --------------  -------------------
/opt/airflow/dags/quant_backtest.py                           1           0  0.48s           2025-07-17T07:16:57
================================================================================
[2025-07-17T07:17:36.098+0000] {manager.py:470} INFO - Exiting gracefully upon receiving signal 15
[2025-07-17T07:18:17.543+0000] {manager.py:487} INFO - Processing files using up to 2 processes at a time 
[2025-07-17T07:18:17.543+0000] {manager.py:488} INFO - Process each file at most once every 30 seconds
[2025-07-17T07:18:17.544+0000] {manager.py:490} INFO - Checking for new files in /opt/airflow/dags every 300 seconds
[2025-07-17T07:18:17.544+0000] {manager.py:758} INFO - Searching for files in /opt/airflow/dags
[2025-07-17T07:18:17.549+0000] {manager.py:761} INFO - There are 1 files in /opt/airflow/dags
[2025-07-17T07:18:17.650+0000] {manager.py:889} INFO - 
================================================================================
DAG File Processing Stats

File Path                              PID  Runtime      # DAGs    # Errors  Last Runtime    Last Run
-----------------------------------  -----  ---------  --------  ----------  --------------  ----------
/opt/airflow/dags/quant_backtest.py    202  0.06s             0           0
================================================================================
[2025-07-17T07:18:20.647+0000] {manager.py:470} INFO - Exiting gracefully upon receiving signal 15
[2025-07-17T07:18:55.366+0000] {manager.py:487} INFO - Processing files using up to 2 processes at a time 
[2025-07-17T07:18:55.367+0000] {manager.py:488} INFO - Process each file at most once every 30 seconds
[2025-07-17T07:18:55.368+0000] {manager.py:490} INFO - Checking for new files in /opt/airflow/dags every 300 seconds
[2025-07-17T07:18:55.368+0000] {manager.py:758} INFO - Searching for files in /opt/airflow/dags
[2025-07-17T07:18:55.370+0000] {manager.py:761} INFO - There are 1 files in /opt/airflow/dags
[2025-07-17T07:18:55.407+0000] {manager.py:889} INFO - 
================================================================================
DAG File Processing Stats

File Path                              PID  Runtime      # DAGs    # Errors  Last Runtime    Last Run
-----------------------------------  -----  ---------  --------  ----------  --------------  ----------
/opt/airflow/dags/quant_backtest.py    202  0.02s             0           0
================================================================================
[2025-07-17T07:19:37.482+0000] {manager.py:487} INFO - Processing files using up to 2 processes at a time 
[2025-07-17T07:19:37.483+0000] {manager.py:488} INFO - Process each file at most once every 30 seconds
[2025-07-17T07:19:37.483+0000] {manager.py:490} INFO - Checking for new files in /opt/airflow/dags every 300 seconds
[2025-07-17T07:19:37.483+0000] {manager.py:758} INFO - Searching for files in /opt/airflow/dags
[2025-07-17T07:19:37.485+0000] {manager.py:761} INFO - There are 1 files in /opt/airflow/dags
[2025-07-17T07:19:37.550+0000] {manager.py:889} INFO - 
================================================================================
DAG File Processing Stats

File Path                              PID  Runtime      # DAGs    # Errors  Last Runtime    Last Run
-----------------------------------  -----  ---------  --------  ----------  --------------  ----------
/opt/airflow/dags/quant_backtest.py    202  0.03s             0           0
================================================================================
[2025-07-17T07:20:07.723+0000] {manager.py:889} INFO - 
================================================================================
DAG File Processing Stats

File Path                            PID    Runtime      # DAGs    # Errors  Last Runtime    Last Run
-----------------------------------  -----  ---------  --------  ----------  --------------  -------------------
/opt/airflow/dags/quant_backtest.py                           1           0  0.35s           2025-07-17T07:19:37
================================================================================
[2025-07-17T07:20:19.393+0000] {manager.py:470} INFO - Exiting gracefully upon receiving signal 15
[2025-07-17T07:22:32.016+0000] {manager.py:487} INFO - Processing files using up to 2 processes at a time 
[2025-07-17T07:22:32.017+0000] {manager.py:488} INFO - Process each file at most once every 30 seconds
[2025-07-17T07:22:32.017+0000] {manager.py:490} INFO - Checking for new files in /opt/airflow/dags every 300 seconds
[2025-07-17T07:22:32.017+0000] {manager.py:758} INFO - Searching for files in /opt/airflow/dags
[2025-07-17T07:22:32.019+0000] {manager.py:761} INFO - There are 1 files in /opt/airflow/dags
[2025-07-17T07:22:32.069+0000] {manager.py:889} INFO - 
================================================================================
DAG File Processing Stats

File Path                              PID  Runtime      # DAGs    # Errors  Last Runtime    Last Run
-----------------------------------  -----  ---------  --------  ----------  --------------  ----------
/opt/airflow/dags/quant_backtest.py    202  0.02s             0           0
================================================================================
[2025-07-17T07:22:39.078+0000] {manager.py:470} INFO - Exiting gracefully upon receiving signal 15
[2025-07-17T07:23:04.454+0000] {manager.py:487} INFO - Processing files using up to 2 processes at a time 
[2025-07-17T07:23:04.455+0000] {manager.py:488} INFO - Process each file at most once every 30 seconds
[2025-07-17T07:23:04.455+0000] {manager.py:490} INFO - Checking for new files in /opt/airflow/dags every 300 seconds
[2025-07-17T07:23:04.455+0000] {manager.py:758} INFO - Searching for files in /opt/airflow/dags
[2025-07-17T07:23:04.456+0000] {manager.py:761} INFO - There are 1 files in /opt/airflow/dags
[2025-07-17T07:23:04.512+0000] {manager.py:889} INFO - 
================================================================================
DAG File Processing Stats

File Path                              PID  Runtime      # DAGs    # Errors  Last Runtime    Last Run
-----------------------------------  -----  ---------  --------  ----------  --------------  ----------
/opt/airflow/dags/quant_backtest.py    202  0.03s             0           0
================================================================================
[2025-07-17T07:23:09.220+0000] {manager.py:470} INFO - Exiting gracefully upon receiving signal 15
[2025-07-17T07:25:02.568+0000] {manager.py:487} INFO - Processing files using up to 2 processes at a time 
[2025-07-17T07:25:02.569+0000] {manager.py:488} INFO - Process each file at most once every 30 seconds
[2025-07-17T07:25:02.570+0000] {manager.py:490} INFO - Checking for new files in /opt/airflow/dags every 300 seconds
[2025-07-17T07:25:02.570+0000] {manager.py:758} INFO - Searching for files in /opt/airflow/dags
[2025-07-17T07:25:02.572+0000] {manager.py:761} INFO - There are 1 files in /opt/airflow/dags
[2025-07-17T07:25:02.652+0000] {manager.py:889} INFO - 
================================================================================
DAG File Processing Stats

File Path                              PID  Runtime      # DAGs    # Errors  Last Runtime    Last Run
-----------------------------------  -----  ---------  --------  ----------  --------------  ----------
/opt/airflow/dags/quant_backtest.py    202  0.05s             0           0
================================================================================
[2025-07-17T07:25:06.711+0000] {manager.py:470} INFO - Exiting gracefully upon receiving signal 15
[2025-07-17T07:25:31.937+0000] {manager.py:487} INFO - Processing files using up to 2 processes at a time 
[2025-07-17T07:25:31.939+0000] {manager.py:488} INFO - Process each file at most once every 30 seconds
[2025-07-17T07:25:31.939+0000] {manager.py:490} INFO - Checking for new files in /opt/airflow/dags every 300 seconds
[2025-07-17T07:25:31.939+0000] {manager.py:758} INFO - Searching for files in /opt/airflow/dags
[2025-07-17T07:25:31.942+0000] {manager.py:761} INFO - There are 1 files in /opt/airflow/dags
[2025-07-17T07:25:31.979+0000] {manager.py:889} INFO - 
================================================================================
DAG File Processing Stats

File Path                              PID  Runtime      # DAGs    # Errors  Last Runtime    Last Run
-----------------------------------  -----  ---------  --------  ----------  --------------  ----------
/opt/airflow/dags/quant_backtest.py    201  0.02s             0           0
================================================================================
[2025-07-17T23:22:17.520+0000] {manager.py:487} INFO - Processing files using up to 2 processes at a time 
[2025-07-17T23:22:17.521+0000] {manager.py:488} INFO - Process each file at most once every 30 seconds
[2025-07-17T23:22:17.521+0000] {manager.py:490} INFO - Checking for new files in /opt/airflow/dags every 300 seconds
[2025-07-17T23:22:17.522+0000] {manager.py:758} INFO - Searching for files in /opt/airflow/dags
[2025-07-17T23:22:17.524+0000] {manager.py:761} INFO - There are 1 files in /opt/airflow/dags
[2025-07-17T23:22:17.652+0000] {manager.py:889} INFO - 
================================================================================
DAG File Processing Stats

File Path                              PID  Runtime      # DAGs    # Errors  Last Runtime    Last Run
-----------------------------------  -----  ---------  --------  ----------  --------------  ----------
/opt/airflow/dags/quant_backtest.py    201  0.07s             0           0
================================================================================
[2025-07-17T23:22:47.822+0000] {manager.py:889} INFO - 
================================================================================
DAG File Processing Stats

File Path                            PID    Runtime      # DAGs    # Errors  Last Runtime    Last Run
-----------------------------------  -----  ---------  --------  ----------  --------------  -------------------
/opt/airflow/dags/quant_backtest.py                           1           0  0.46s           2025-07-17T23:22:18
================================================================================
[2025-07-17T23:23:17.870+0000] {manager.py:889} INFO - 
================================================================================
DAG File Processing Stats

File Path                            PID    Runtime      # DAGs    # Errors  Last Runtime    Last Run
-----------------------------------  -----  ---------  --------  ----------  --------------  -------------------
/opt/airflow/dags/quant_backtest.py                           1           0  0.35s           2025-07-17T23:22:48
================================================================================
[2025-07-17T23:23:48.194+0000] {manager.py:889} INFO - 
================================================================================
DAG File Processing Stats

File Path                            PID    Runtime      # DAGs    # Errors  Last Runtime    Last Run
-----------------------------------  -----  ---------  --------  ----------  --------------  -------------------
/opt/airflow/dags/quant_backtest.py                           1           0  0.32s           2025-07-17T23:23:18
================================================================================
[2025-07-17T23:24:18.541+0000] {manager.py:889} INFO - 
================================================================================
DAG File Processing Stats

File Path                            PID    Runtime      # DAGs    # Errors  Last Runtime    Last Run
-----------------------------------  -----  ---------  --------  ----------  --------------  -------------------
/opt/airflow/dags/quant_backtest.py                           1           0  0.36s           2025-07-17T23:23:49
================================================================================
[2025-07-17T23:24:49.102+0000] {manager.py:889} INFO - 
================================================================================
DAG File Processing Stats

File Path                            PID    Runtime      # DAGs    # Errors  Last Runtime    Last Run
-----------------------------------  -----  ---------  --------  ----------  --------------  -------------------
/opt/airflow/dags/quant_backtest.py                           1           0  0.31s           2025-07-17T23:24:20
================================================================================
[2025-07-17T23:25:19.679+0000] {manager.py:889} INFO - 
================================================================================
DAG File Processing Stats

File Path                            PID    Runtime      # DAGs    # Errors  Last Runtime    Last Run
-----------------------------------  -----  ---------  --------  ----------  --------------  -------------------
/opt/airflow/dags/quant_backtest.py                           1           0  0.34s           2025-07-17T23:24:50
================================================================================
[2025-07-17T23:25:50.042+0000] {manager.py:889} INFO - 
================================================================================
DAG File Processing Stats

File Path                            PID    Runtime      # DAGs    # Errors  Last Runtime    Last Run
-----------------------------------  -----  ---------  --------  ----------  --------------  -------------------
/opt/airflow/dags/quant_backtest.py                           1           0  0.37s           2025-07-17T23:25:21
================================================================================
[2025-07-17T23:26:20.698+0000] {manager.py:889} INFO - 
================================================================================
DAG File Processing Stats

File Path                            PID    Runtime      # DAGs    # Errors  Last Runtime    Last Run
-----------------------------------  -----  ---------  --------  ----------  --------------  -------------------
/opt/airflow/dags/quant_backtest.py                           1           0  0.30s           2025-07-17T23:25:51
================================================================================
[2025-07-17T23:26:43.203+0000] {manager.py:470} INFO - Exiting gracefully upon receiving signal 15
[2025-07-18T00:56:40.979+0000] {manager.py:487} INFO - Processing files using up to 2 processes at a time 
[2025-07-18T00:56:40.980+0000] {manager.py:488} INFO - Process each file at most once every 30 seconds
[2025-07-18T00:56:40.980+0000] {manager.py:490} INFO - Checking for new files in /opt/airflow/dags every 300 seconds
[2025-07-18T00:56:40.980+0000] {manager.py:758} INFO - Searching for files in /opt/airflow/dags
[2025-07-18T00:56:40.982+0000] {manager.py:761} INFO - There are 1 files in /opt/airflow/dags
[2025-07-18T00:56:41.035+0000] {manager.py:889} INFO - 
================================================================================
DAG File Processing Stats

File Path                              PID  Runtime      # DAGs    # Errors  Last Runtime    Last Run
-----------------------------------  -----  ---------  --------  ----------  --------------  ----------
/opt/airflow/dags/quant_backtest.py    202  0.03s             0           0
================================================================================
[2025-07-18T01:50:35.466+0000] {manager.py:487} INFO - Processing files using up to 2 processes at a time 
[2025-07-18T01:50:35.467+0000] {manager.py:488} INFO - Process each file at most once every 30 seconds
[2025-07-18T01:50:35.467+0000] {manager.py:490} INFO - Checking for new files in /opt/airflow/dags every 300 seconds
[2025-07-18T01:50:35.467+0000] {manager.py:758} INFO - Searching for files in /opt/airflow/dags
[2025-07-18T01:50:35.469+0000] {manager.py:761} INFO - There are 1 files in /opt/airflow/dags
[2025-07-18T01:50:35.538+0000] {manager.py:889} INFO - 
================================================================================
DAG File Processing Stats

File Path                              PID  Runtime      # DAGs    # Errors  Last Runtime    Last Run
-----------------------------------  -----  ---------  --------  ----------  --------------  ----------
/opt/airflow/dags/quant_backtest.py    201  0.03s             0           0
================================================================================
[2025-07-18T01:51:05.701+0000] {manager.py:889} INFO - 
================================================================================
DAG File Processing Stats

File Path                            PID    Runtime      # DAGs    # Errors  Last Runtime    Last Run
-----------------------------------  -----  ---------  --------  ----------  --------------  -------------------
/opt/airflow/dags/quant_backtest.py                           1           0  0.42s           2025-07-18T01:50:35
================================================================================
[2025-07-18T01:51:12.480+0000] {manager.py:470} INFO - Exiting gracefully upon receiving signal 15
[2025-07-18T01:55:26.511+0000] {manager.py:487} INFO - Processing files using up to 2 processes at a time 
[2025-07-18T01:55:26.511+0000] {manager.py:488} INFO - Process each file at most once every 30 seconds
[2025-07-18T01:55:26.512+0000] {manager.py:490} INFO - Checking for new files in /opt/airflow/dags every 300 seconds
[2025-07-18T01:55:26.512+0000] {manager.py:758} INFO - Searching for files in /opt/airflow/dags
[2025-07-18T01:55:26.514+0000] {manager.py:761} INFO - There are 1 files in /opt/airflow/dags
[2025-07-18T01:55:26.562+0000] {manager.py:889} INFO - 
================================================================================
DAG File Processing Stats

File Path                              PID  Runtime      # DAGs    # Errors  Last Runtime    Last Run
-----------------------------------  -----  ---------  --------  ----------  --------------  ----------
/opt/airflow/dags/quant_backtest.py    171  0.02s             0           0
================================================================================
[2025-07-18T01:55:56.793+0000] {manager.py:889} INFO - 
================================================================================
DAG File Processing Stats

File Path                            PID    Runtime      # DAGs    # Errors  Last Runtime    Last Run
-----------------------------------  -----  ---------  --------  ----------  --------------  -------------------
/opt/airflow/dags/quant_backtest.py                           1           0  0.35s           2025-07-18T01:55:26
================================================================================
[2025-07-18T01:56:27.329+0000] {manager.py:889} INFO - 
================================================================================
DAG File Processing Stats

File Path                            PID    Runtime      # DAGs    # Errors  Last Runtime    Last Run
-----------------------------------  -----  ---------  --------  ----------  --------------  -------------------
/opt/airflow/dags/quant_backtest.py                           1           0  0.47s           2025-07-18T01:55:57
================================================================================
[2025-07-18T01:56:57.988+0000] {manager.py:889} INFO - 
================================================================================
DAG File Processing Stats

File Path                            PID    Runtime      # DAGs    # Errors  Last Runtime    Last Run
-----------------------------------  -----  ---------  --------  ----------  --------------  -------------------
/opt/airflow/dags/quant_backtest.py                           1           0  0.31s           2025-07-18T01:56:28
================================================================================
[2025-07-18T01:57:28.502+0000] {manager.py:889} INFO - 
================================================================================
DAG File Processing Stats

File Path                            PID    Runtime      # DAGs    # Errors  Last Runtime    Last Run
-----------------------------------  -----  ---------  --------  ----------  --------------  -------------------
/opt/airflow/dags/quant_backtest.py                           1           0  0.27s           2025-07-18T01:56:58
================================================================================
[2025-07-18T01:57:59.111+0000] {manager.py:889} INFO - 
================================================================================
DAG File Processing Stats

File Path                            PID    Runtime      # DAGs    # Errors  Last Runtime    Last Run
-----------------------------------  -----  ---------  --------  ----------  --------------  -------------------
/opt/airflow/dags/quant_backtest.py                           1           0  0.35s           2025-07-18T01:57:29
================================================================================
[2025-07-18T01:58:29.826+0000] {manager.py:889} INFO - 
================================================================================
DAG File Processing Stats

File Path                              PID  Runtime      # DAGs    # Errors  Last Runtime    Last Run
-----------------------------------  -----  ---------  --------  ----------  --------------  -------------------
/opt/airflow/dags/quant_backtest.py    270  0.01s             1           0  0.31s           2025-07-18T01:57:59
================================================================================
[2025-07-18T01:59:00.442+0000] {manager.py:889} INFO - 
================================================================================
DAG File Processing Stats

File Path                              PID  Runtime      # DAGs    # Errors  Last Runtime    Last Run
-----------------------------------  -----  ---------  --------  ----------  --------------  -------------------
/opt/airflow/dags/quant_backtest.py    283  0.01s             1           0  0.30s           2025-07-18T01:58:30
================================================================================
[2025-07-18T01:59:30.733+0000] {manager.py:889} INFO - 
================================================================================
DAG File Processing Stats

File Path                            PID    Runtime      # DAGs    # Errors  Last Runtime    Last Run
-----------------------------------  -----  ---------  --------  ----------  --------------  -------------------
/opt/airflow/dags/quant_backtest.py                           1           0  0.34s           2025-07-18T01:59:00
================================================================================
[2025-07-18T02:00:00.814+0000] {manager.py:889} INFO - 
================================================================================
DAG File Processing Stats

File Path                            PID    Runtime      # DAGs    # Errors  Last Runtime    Last Run
-----------------------------------  -----  ---------  --------  ----------  --------------  -------------------
/opt/airflow/dags/quant_backtest.py                           1           0  0.37s           2025-07-18T01:59:31
================================================================================
[2025-07-18T02:00:27.092+0000] {manager.py:758} INFO - Searching for files in /opt/airflow/dags
[2025-07-18T02:00:27.100+0000] {manager.py:761} INFO - There are 1 files in /opt/airflow/dags
[2025-07-18T02:00:31.144+0000] {manager.py:889} INFO - 
================================================================================
DAG File Processing Stats

File Path                            PID    Runtime      # DAGs    # Errors  Last Runtime    Last Run
-----------------------------------  -----  ---------  --------  ----------  --------------  -------------------
/opt/airflow/dags/quant_backtest.py                           1           0  0.32s           2025-07-18T02:00:02
================================================================================
[2025-07-18T02:01:01.686+0000] {manager.py:889} INFO - 
================================================================================
DAG File Processing Stats

File Path                            PID    Runtime      # DAGs    # Errors  Last Runtime    Last Run
-----------------------------------  -----  ---------  --------  ----------  --------------  -------------------
/opt/airflow/dags/quant_backtest.py                           1           0  0.29s           2025-07-18T02:00:32
================================================================================
[2025-07-18T02:01:22.806+0000] {manager.py:470} INFO - Exiting gracefully upon receiving signal 15
[2025-07-18T03:05:39.951+0000] {manager.py:487} INFO - Processing files using up to 2 processes at a time 
[2025-07-18T03:05:39.956+0000] {manager.py:488} INFO - Process each file at most once every 30 seconds
[2025-07-18T03:05:39.959+0000] {manager.py:490} INFO - Checking for new files in /opt/airflow/dags every 300 seconds
[2025-07-18T03:05:39.960+0000] {manager.py:758} INFO - Searching for files in /opt/airflow/dags
[2025-07-18T03:05:39.972+0000] {manager.py:761} INFO - There are 1 files in /opt/airflow/dags
[2025-07-18T03:05:40.115+0000] {manager.py:889} INFO - 
================================================================================
DAG File Processing Stats

File Path                              PID  Runtime      # DAGs    # Errors  Last Runtime    Last Run
-----------------------------------  -----  ---------  --------  ----------  --------------  ----------
/opt/airflow/dags/quant_backtest.py    202  0.08s             0           0
================================================================================
[2025-07-18T03:06:10.273+0000] {manager.py:889} INFO - 
================================================================================
DAG File Processing Stats

File Path                            PID    Runtime      # DAGs    # Errors  Last Runtime    Last Run
-----------------------------------  -----  ---------  --------  ----------  --------------  -------------------
/opt/airflow/dags/quant_backtest.py                           1           0  0.58s           2025-07-18T03:05:40
================================================================================
[2025-07-18T03:06:40.370+0000] {manager.py:889} INFO - 
================================================================================
DAG File Processing Stats

File Path                            PID    Runtime      # DAGs    # Errors  Last Runtime    Last Run
-----------------------------------  -----  ---------  --------  ----------  --------------  -------------------
/opt/airflow/dags/quant_backtest.py                           1           0  0.40s           2025-07-18T03:06:11
================================================================================
[2025-07-18T03:07:10.762+0000] {manager.py:889} INFO - 
================================================================================
DAG File Processing Stats

File Path                            PID    Runtime      # DAGs    # Errors  Last Runtime    Last Run
-----------------------------------  -----  ---------  --------  ----------  --------------  -------------------
/opt/airflow/dags/quant_backtest.py                           1           0  0.37s           2025-07-18T03:06:41
================================================================================
[2025-07-18T03:07:41.275+0000] {manager.py:889} INFO - 
================================================================================
DAG File Processing Stats

File Path                            PID    Runtime      # DAGs    # Errors  Last Runtime    Last Run
-----------------------------------  -----  ---------  --------  ----------  --------------  -------------------
/opt/airflow/dags/quant_backtest.py                           1           0  0.44s           2025-07-18T03:07:12
================================================================================
[2025-07-18T03:08:11.896+0000] {manager.py:889} INFO - 
================================================================================
DAG File Processing Stats

File Path                            PID    Runtime      # DAGs    # Errors  Last Runtime    Last Run
-----------------------------------  -----  ---------  --------  ----------  --------------  -------------------
/opt/airflow/dags/quant_backtest.py                           1           0  0.32s           2025-07-18T03:07:42
================================================================================
[2025-07-18T03:08:40.279+0000] {manager.py:470} INFO - Exiting gracefully upon receiving signal 15
[2025-07-19T02:41:30.478+0000] {manager.py:487} INFO - Processing files using up to 2 processes at a time 
[2025-07-19T02:41:30.479+0000] {manager.py:488} INFO - Process each file at most once every 30 seconds
[2025-07-19T02:41:30.479+0000] {manager.py:490} INFO - Checking for new files in /opt/airflow/dags every 300 seconds
[2025-07-19T02:41:30.479+0000] {manager.py:758} INFO - Searching for files in /opt/airflow/dags
[2025-07-19T02:41:30.481+0000] {manager.py:761} INFO - There are 1 files in /opt/airflow/dags
[2025-07-19T02:41:30.599+0000] {manager.py:889} INFO - 
================================================================================
DAG File Processing Stats

File Path                              PID  Runtime      # DAGs    # Errors  Last Runtime    Last Run
-----------------------------------  -----  ---------  --------  ----------  --------------  ----------
/opt/airflow/dags/quant_backtest.py    202  0.07s             0           0
================================================================================
[2025-07-19T02:42:00.791+0000] {manager.py:889} INFO - 
================================================================================
DAG File Processing Stats

File Path                            PID    Runtime      # DAGs    # Errors  Last Runtime    Last Run
-----------------------------------  -----  ---------  --------  ----------  --------------  -------------------
/opt/airflow/dags/quant_backtest.py                           1           0  0.39s           2025-07-19T02:41:30
================================================================================
[2025-07-19T02:42:31.376+0000] {manager.py:889} INFO - 
================================================================================
DAG File Processing Stats

File Path                            PID    Runtime      # DAGs    # Errors  Last Runtime    Last Run
-----------------------------------  -----  ---------  --------  ----------  --------------  -------------------
/opt/airflow/dags/quant_backtest.py                           1           0  0.35s           2025-07-19T02:42:01
================================================================================
[2025-07-19T02:43:02.031+0000] {manager.py:889} INFO - 
================================================================================
DAG File Processing Stats

File Path                              PID  Runtime      # DAGs    # Errors  Last Runtime    Last Run
-----------------------------------  -----  ---------  --------  ----------  --------------  -------------------
/opt/airflow/dags/quant_backtest.py    252  0.01s             1           0  0.29s           2025-07-19T02:42:31
================================================================================
[2025-07-19T02:43:32.688+0000] {manager.py:889} INFO - 
================================================================================
DAG File Processing Stats

File Path                              PID  Runtime      # DAGs    # Errors  Last Runtime    Last Run
-----------------------------------  -----  ---------  --------  ----------  --------------  -------------------
/opt/airflow/dags/quant_backtest.py    265  0.00s             1           0  0.36s           2025-07-19T02:43:02
================================================================================
[2025-07-19T02:44:03.059+0000] {manager.py:889} INFO - 
================================================================================
DAG File Processing Stats

File Path                              PID  Runtime      # DAGs    # Errors  Last Runtime    Last Run
-----------------------------------  -----  ---------  --------  ----------  --------------  -------------------
/opt/airflow/dags/quant_backtest.py    278  0.01s             1           0  0.30s           2025-07-19T02:43:32
================================================================================
[2025-07-19T02:44:33.550+0000] {manager.py:889} INFO - 
================================================================================
DAG File Processing Stats

File Path                              PID  Runtime      # DAGs    # Errors  Last Runtime    Last Run
-----------------------------------  -----  ---------  --------  ----------  --------------  -------------------
/opt/airflow/dags/quant_backtest.py    291  0.00s             1           0  0.30s           2025-07-19T02:44:03
================================================================================
[2025-07-19T02:45:03.794+0000] {manager.py:889} INFO - 
================================================================================
DAG File Processing Stats

File Path                            PID    Runtime      # DAGs    # Errors  Last Runtime    Last Run
-----------------------------------  -----  ---------  --------  ----------  --------------  -------------------
/opt/airflow/dags/quant_backtest.py                           1           0  0.28s           2025-07-19T02:44:33
================================================================================
[2025-07-19T02:45:34.484+0000] {manager.py:889} INFO - 
================================================================================
DAG File Processing Stats

File Path                              PID  Runtime      # DAGs    # Errors  Last Runtime    Last Run
-----------------------------------  -----  ---------  --------  ----------  --------------  -------------------
/opt/airflow/dags/quant_backtest.py    317  0.01s             1           0  0.29s           2025-07-19T02:45:04
================================================================================
[2025-07-19T02:46:05.146+0000] {manager.py:889} INFO - 
================================================================================
DAG File Processing Stats

File Path                              PID  Runtime      # DAGs    # Errors  Last Runtime    Last Run
-----------------------------------  -----  ---------  --------  ----------  --------------  -------------------
/opt/airflow/dags/quant_backtest.py    330  0.00s             1           0  0.29s           2025-07-19T02:45:34
================================================================================
[2025-07-19T02:46:30.672+0000] {manager.py:758} INFO - Searching for files in /opt/airflow/dags
[2025-07-19T02:46:30.680+0000] {manager.py:761} INFO - There are 1 files in /opt/airflow/dags
[2025-07-19T02:46:35.493+0000] {manager.py:889} INFO - 
================================================================================
DAG File Processing Stats

File Path                              PID  Runtime      # DAGs    # Errors  Last Runtime    Last Run
-----------------------------------  -----  ---------  --------  ----------  --------------  -------------------
/opt/airflow/dags/quant_backtest.py    343  0.01s             1           0  0.33s           2025-07-19T02:46:05
================================================================================
[2025-07-19T02:47:06.105+0000] {manager.py:889} INFO - 
================================================================================
DAG File Processing Stats

File Path                              PID  Runtime      # DAGs    # Errors  Last Runtime    Last Run
-----------------------------------  -----  ---------  --------  ----------  --------------  -------------------
/opt/airflow/dags/quant_backtest.py    356  0.01s             1           0  0.30s           2025-07-19T02:46:35
================================================================================
[2025-07-19T02:47:36.428+0000] {manager.py:889} INFO - 
================================================================================
DAG File Processing Stats

File Path                              PID  Runtime      # DAGs    # Errors  Last Runtime    Last Run
-----------------------------------  -----  ---------  --------  ----------  --------------  -------------------
/opt/airflow/dags/quant_backtest.py    369  0.00s             1           0  0.32s           2025-07-19T02:47:06
================================================================================
[2025-07-19T02:48:06.735+0000] {manager.py:889} INFO - 
================================================================================
DAG File Processing Stats

File Path                            PID    Runtime      # DAGs    # Errors  Last Runtime    Last Run
-----------------------------------  -----  ---------  --------  ----------  --------------  -------------------
/opt/airflow/dags/quant_backtest.py                           1           0  0.33s           2025-07-19T02:47:36
================================================================================
[2025-07-19T02:48:37.479+0000] {manager.py:889} INFO - 
================================================================================
DAG File Processing Stats

File Path                              PID  Runtime      # DAGs    # Errors  Last Runtime    Last Run
-----------------------------------  -----  ---------  --------  ----------  --------------  -------------------
/opt/airflow/dags/quant_backtest.py    395  0.01s             1           0  0.29s           2025-07-19T02:48:07
================================================================================
[2025-07-19T02:49:08.030+0000] {manager.py:889} INFO - 
================================================================================
DAG File Processing Stats

File Path                              PID  Runtime      # DAGs    # Errors  Last Runtime    Last Run
-----------------------------------  -----  ---------  --------  ----------  --------------  -------------------
/opt/airflow/dags/quant_backtest.py    408  0.01s             1           0  0.29s           2025-07-19T02:48:37
================================================================================
[2025-07-19T02:49:17.974+0000] {manager.py:470} INFO - Exiting gracefully upon receiving signal 15
